<?xml version="1.0" encoding="utf-8"?><testsuites><testsuite name="pytest" errors="0" failures="0" skipped="0" tests="11" time="1.791" timestamp="2024-01-25T08:26:03.501671" hostname="Davids-MacBook-Pro-2.local"><testcase classname="spark-smoke-test.test_e2e" name="test_healthchecks" time="0.001" /><testcase classname="spark-smoke-test.test_e2e" name="test_ingestion_via_rest[JavaHdfsIn2HdfsOut1.json]" time="0.799" /><testcase classname="spark-smoke-test.test_e2e" name="test_ingestion_via_rest[PythonHdfsIn2HiveCreateInsertTable.json]" time="0.061" /><testcase classname="spark-smoke-test.test_e2e" name="test_ingestion_via_rest[JavaHdfsIn2HiveCreateInsertTable.json]" time="0.092" /><testcase classname="spark-smoke-test.test_e2e" name="test_ingestion_via_rest[PythonHiveInHiveOut.json]" time="0.127" /><testcase classname="spark-smoke-test.test_e2e" name="test_ingestion_via_rest[PythonHdfsIn2HdfsOut2.json]" time="0.060" /><testcase classname="spark-smoke-test.test_e2e" name="test_ingestion_via_rest[PythonHdfsIn2HdfsOut1.json]" time="0.052" /><testcase classname="spark-smoke-test.test_e2e" name="test_ingestion_via_rest[JavaHdfsIn2HiveCreateTable.json]" time="0.031" /><testcase classname="spark-smoke-test.test_e2e" name="test_ingestion_via_rest[JavaHiveInHiveOut.json]" time="0.081" /><testcase classname="spark-smoke-test.test_e2e" name="test_ingestion_via_rest[JavaHdfsIn2HdfsOut2.json]" time="0.035" /><testcase classname="spark-smoke-test.test_e2e" name="test_ingestion_via_rest[PythonHdfsIn2HiveCreateTable.json]" time="0.027" /></testsuite></testsuites>